<?xml version="1.0" encoding="UTF-8"?>
<testsuite xmlns:xsi="http://www.w3.org/2001/XMLSchema-instance" xsi:noNamespaceSchemaLocation="https://maven.apache.org/surefire/maven-surefire-plugin/xsd/surefire-test-report-3.0.xsd" version="3.0" name="com.engine.core.MatchingEngineTest" time="0.048" tests="8" errors="0" skipped="0" failures="0">
  <properties>
[...]
</properties>
  <testcase name="marketBuyOnEmptyBookShouldCancelRemainder" classname="com.engine.core.MatchingEngineTest" time="0.017"/>
  <testcase name="shouldMatchUsingPriceTimePriority" classname="com.engine.core.MatchingEngineTest" time="0.009"/>
  <testcase name="singleTickSpreadShouldNotCross" classname="com.engine.core.MatchingEngineTest" time="0.001"/>
  <testcase name="cancelAlreadyFilledOrderShouldRejectGracefully" classname="com.engine.core.MatchingEngineTest" time="0.001"/>
  <testcase name="selfTradePreventionShouldSkipSameUserRestingOrder" classname="com.engine.core.MatchingEngineTest" time="0.001"/>
  <testcase name="cancelPartiallyFilledOrderShouldRemoveRemaining" classname="com.engine.core.MatchingEngineTest" time="0.001"/>
  <testcase name="multiLevelSweepShouldConsumeAcrossPriceLevels" classname="com.engine.core.MatchingEngineTest" time="0.0"/>
  <testcase name="exactQuantityMatchShouldRemovePriceLevel" classname="com.engine.core.MatchingEngineTest" time="0.001"/>
</testsuite>